Process rank: -1, device: cpu, n_gpu: 0, distributed training: False, 16-bits training: False
Training/evaluation parameters Namespace(adam_epsilon=1e-08, adv_epsilon=1.0, adv_name='word_embeddings', cache_dir='', config_name='', crf_learning_rate=5e-05, data_dir='/home/sangeng/Downloads/myproject/baseline/BERT-NER-Pytorch-master/datasets/cner/', device=device(type='cpu'), do_adv=False, do_eval=True, do_lower_case=True, do_predict=False, do_train=True, eval_all_checkpoints=False, eval_max_seq_length=512, evaluate_during_training=False, fp16=False, fp16_opt_level='O1', gradient_accumulation_steps=1, id2label={0: 'X', 1: 'B-CONT', 2: 'B-EDU', 3: 'B-LOC', 4: 'B-NAME', 5: 'B-ORG', 6: 'B-PRO', 7: 'B-RACE', 8: 'B-TITLE', 9: 'I-CONT', 10: 'I-EDU', 11: 'I-LOC', 12: 'I-NAME', 13: 'I-ORG', 14: 'I-PRO', 15: 'I-RACE', 16: 'I-TITLE', 17: 'O', 18: 'S-NAME', 19: 'S-ORG', 20: 'S-RACE', 21: '[START]', 22: '[END]'}, label2id={'X': 0, 'B-CONT': 1, 'B-EDU': 2, 'B-LOC': 3, 'B-NAME': 4, 'B-ORG': 5, 'B-PRO': 6, 'B-RACE': 7, 'B-TITLE': 8, 'I-CONT': 9, 'I-EDU': 10, 'I-LOC': 11, 'I-NAME': 12, 'I-ORG': 13, 'I-PRO': 14, 'I-RACE': 15, 'I-TITLE': 16, 'O': 17, 'S-NAME': 18, 'S-ORG': 19, 'S-RACE': 20, '[START]': 21, '[END]': 22}, learning_rate=3e-05, local_rank=-1, logging_steps=-1, loss_type='ce', markup='bios', max_grad_norm=1.0, max_steps=-1, model_name_or_path='/home/sangeng/Downloads/myproject/baseline/BERT-NER-Pytorch-master/prev_trained_model/bert-base-chinese', model_type='bert', n_gpu=0, no_cuda=False, num_train_epochs=3.0, output_dir='/home/sangeng/Downloads/myproject/baseline/BERT-NER-Pytorch-master/outputs/cner_output/bert', overwrite_cache=False, overwrite_output_dir=True, per_gpu_eval_batch_size=24, per_gpu_train_batch_size=24, predict_checkpoints=0, save_steps=-1, seed=42, server_ip='', server_port='', task_name='cner', tokenizer_name='', train_max_seq_length=128, warmup_proportion=0.1, weight_decay=0.01)
Creating features from dataset file at /home/sangeng/Downloads/myproject/baseline/BERT-NER-Pytorch-master/datasets/cner/
Writing example 0 of 3820
*** Example ***
guid: train-1
tokens: [CLS] 1 9 6 6 年 出 生 ， 汉 族 ， 中 共 党 员 ， 本 科 学 历 ， 工 程 师 、 美 国 项 目 管 理 协 会 注 册 会 员 （ p m i m e m b e r ） 、 注 册 项 目 管 理 专 家 （ p m p ） 、 项 目 经 理 。 [SEP]
input_ids: 101 122 130 127 127 2399 1139 4495 8024 3727 3184 8024 704 1066 1054 1447 8024 3315 4906 2110 1325 8024 2339 4923 2360 510 5401 1744 7555 4680 5052 4415 1291 833 3800 1085 833 1447 8020 158 155 151 155 147 155 144 147 160 8021 510 3800 1085 7555 4680 5052 4415 683 2157 8020 158 155 158 8021 510 7555 4680 5307 4415 511 102 0 0 0 0 0 0 0 0 0 0 0 0 0 0 0 0 0 0 0 0 0 0 0 0 0 0 0 0 0 0 0 0 0 0 0 0 0 0 0 0 0 0 0 0 0 0 0 0 0 0 0 0 0 0 0 0 0 0
input_mask: 1 1 1 1 1 1 1 1 1 1 1 1 1 1 1 1 1 1 1 1 1 1 1 1 1 1 1 1 1 1 1 1 1 1 1 1 1 1 1 1 1 1 1 1 1 1 1 1 1 1 1 1 1 1 1 1 1 1 1 1 1 1 1 1 1 1 1 1 1 1 0 0 0 0 0 0 0 0 0 0 0 0 0 0 0 0 0 0 0 0 0 0 0 0 0 0 0 0 0 0 0 0 0 0 0 0 0 0 0 0 0 0 0 0 0 0 0 0 0 0 0 0 0 0 0 0 0 0
segment_ids: 0 0 0 0 0 0 0 0 0 0 0 0 0 0 0 0 0 0 0 0 0 0 0 0 0 0 0 0 0 0 0 0 0 0 0 0 0 0 0 0 0 0 0 0 0 0 0 0 0 0 0 0 0 0 0 0 0 0 0 0 0 0 0 0 0 0 0 0 0 0 0 0 0 0 0 0 0 0 0 0 0 0 0 0 0 0 0 0 0 0 0 0 0 0 0 0 0 0 0 0 0 0 0 0 0 0 0 0 0 0 0 0 0 0 0 0 0 0 0 0 0 0 0 0 0 0 0 0
label_ids: 17 17 17 17 17 17 17 17 17 7 15 17 8 16 16 16 17 2 10 10 10 17 8 16 16 17 5 13 13 13 13 13 13 13 8 16 16 16 17 8 16 16 16 16 16 16 16 16 17 17 8 16 16 16 16 16 16 16 17 8 16 16 17 17 8 16 16 16 17 17 0 0 0 0 0 0 0 0 0 0 0 0 0 0 0 0 0 0 0 0 0 0 0 0 0 0 0 0 0 0 0 0 0 0 0 0 0 0 0 0 0 0 0 0 0 0 0 0 0 0 0 0 0 0 0 0 0 0
*** Example ***
guid: train-2
tokens: [CLS] 2 0 0 7 年 1 0 月 至 今 任 人 和 投 资 董 事 ； [SEP]
input_ids: 101 123 121 121 128 2399 122 121 3299 5635 791 818 782 1469 2832 6598 5869 752 8039 102 0 0 0 0 0 0 0 0 0 0 0 0 0 0 0 0 0 0 0 0 0 0 0 0 0 0 0 0 0 0 0 0 0 0 0 0 0 0 0 0 0 0 0 0 0 0 0 0 0 0 0 0 0 0 0 0 0 0 0 0 0 0 0 0 0 0 0 0 0 0 0 0 0 0 0 0 0 0 0 0 0 0 0 0 0 0 0 0 0 0 0 0 0 0 0 0 0 0 0 0 0 0 0 0 0 0 0 0
input_mask: 1 1 1 1 1 1 1 1 1 1 1 1 1 1 1 1 1 1 1 1 0 0 0 0 0 0 0 0 0 0 0 0 0 0 0 0 0 0 0 0 0 0 0 0 0 0 0 0 0 0 0 0 0 0 0 0 0 0 0 0 0 0 0 0 0 0 0 0 0 0 0 0 0 0 0 0 0 0 0 0 0 0 0 0 0 0 0 0 0 0 0 0 0 0 0 0 0 0 0 0 0 0 0 0 0 0 0 0 0 0 0 0 0 0 0 0 0 0 0 0 0 0 0 0 0 0 0 0
segment_ids: 0 0 0 0 0 0 0 0 0 0 0 0 0 0 0 0 0 0 0 0 0 0 0 0 0 0 0 0 0 0 0 0 0 0 0 0 0 0 0 0 0 0 0 0 0 0 0 0 0 0 0 0 0 0 0 0 0 0 0 0 0 0 0 0 0 0 0 0 0 0 0 0 0 0 0 0 0 0 0 0 0 0 0 0 0 0 0 0 0 0 0 0 0 0 0 0 0 0 0 0 0 0 0 0 0 0 0 0 0 0 0 0 0 0 0 0 0 0 0 0 0 0 0 0 0 0 0 0
label_ids: 17 17 17 17 17 17 17 17 17 17 17 17 5 13 13 13 8 16 17 17 0 0 0 0 0 0 0 0 0 0 0 0 0 0 0 0 0 0 0 0 0 0 0 0 0 0 0 0 0 0 0 0 0 0 0 0 0 0 0 0 0 0 0 0 0 0 0 0 0 0 0 0 0 0 0 0 0 0 0 0 0 0 0 0 0 0 0 0 0 0 0 0 0 0 0 0 0 0 0 0 0 0 0 0 0 0 0 0 0 0 0 0 0 0 0 0 0 0 0 0 0 0 0 0 0 0 0 0
*** Example ***
guid: train-3
tokens: [CLS] 2 0 0 7 年 1 2 月 至 2 0 1 3 年 2 月 任 公 司 董 事 、 董 事 会 秘 书 、 综 合 管 理 部 部 长 ； [SEP]
input_ids: 101 123 121 121 128 2399 122 123 3299 5635 123 121 122 124 2399 123 3299 818 1062 1385 5869 752 510 5869 752 833 4908 741 510 5341 1394 5052 4415 6956 6956 7270 8039 102 0 0 0 0 0 0 0 0 0 0 0 0 0 0 0 0 0 0 0 0 0 0 0 0 0 0 0 0 0 0 0 0 0 0 0 0 0 0 0 0 0 0 0 0 0 0 0 0 0 0 0 0 0 0 0 0 0 0 0 0 0 0 0 0 0 0 0 0 0 0 0 0 0 0 0 0 0 0 0 0 0 0 0 0 0 0 0 0 0 0
input_mask: 1 1 1 1 1 1 1 1 1 1 1 1 1 1 1 1 1 1 1 1 1 1 1 1 1 1 1 1 1 1 1 1 1 1 1 1 1 1 0 0 0 0 0 0 0 0 0 0 0 0 0 0 0 0 0 0 0 0 0 0 0 0 0 0 0 0 0 0 0 0 0 0 0 0 0 0 0 0 0 0 0 0 0 0 0 0 0 0 0 0 0 0 0 0 0 0 0 0 0 0 0 0 0 0 0 0 0 0 0 0 0 0 0 0 0 0 0 0 0 0 0 0 0 0 0 0 0 0
segment_ids: 0 0 0 0 0 0 0 0 0 0 0 0 0 0 0 0 0 0 0 0 0 0 0 0 0 0 0 0 0 0 0 0 0 0 0 0 0 0 0 0 0 0 0 0 0 0 0 0 0 0 0 0 0 0 0 0 0 0 0 0 0 0 0 0 0 0 0 0 0 0 0 0 0 0 0 0 0 0 0 0 0 0 0 0 0 0 0 0 0 0 0 0 0 0 0 0 0 0 0 0 0 0 0 0 0 0 0 0 0 0 0 0 0 0 0 0 0 0 0 0 0 0 0 0 0 0 0 0
label_ids: 17 17 17 17 17 17 17 17 17 17 17 17 17 17 17 17 17 17 5 13 8 16 17 8 16 16 16 16 17 8 16 16 16 16 16 16 17 17 0 0 0 0 0 0 0 0 0 0 0 0 0 0 0 0 0 0 0 0 0 0 0 0 0 0 0 0 0 0 0 0 0 0 0 0 0 0 0 0 0 0 0 0 0 0 0 0 0 0 0 0 0 0 0 0 0 0 0 0 0 0 0 0 0 0 0 0 0 0 0 0 0 0 0 0 0 0 0 0 0 0 0 0 0 0 0 0 0 0
*** Example ***
guid: train-4
tokens: [CLS] 2 0 1 3 年 2 月 至 今 任 山 东 三 维 石 化 工 程 股 份 有 限 公 司 董 事 、 董 事 会 秘 书 、 副 总 经 理 。 [SEP]
input_ids: 101 123 121 122 124 2399 123 3299 5635 791 818 2255 691 676 5335 4767 1265 2339 4923 5500 819 3300 7361 1062 1385 5869 752 510 5869 752 833 4908 741 510 1199 2600 5307 4415 511 102 0 0 0 0 0 0 0 0 0 0 0 0 0 0 0 0 0 0 0 0 0 0 0 0 0 0 0 0 0 0 0 0 0 0 0 0 0 0 0 0 0 0 0 0 0 0 0 0 0 0 0 0 0 0 0 0 0 0 0 0 0 0 0 0 0 0 0 0 0 0 0 0 0 0 0 0 0 0 0 0 0 0 0 0 0 0 0 0
input_mask: 1 1 1 1 1 1 1 1 1 1 1 1 1 1 1 1 1 1 1 1 1 1 1 1 1 1 1 1 1 1 1 1 1 1 1 1 1 1 1 1 0 0 0 0 0 0 0 0 0 0 0 0 0 0 0 0 0 0 0 0 0 0 0 0 0 0 0 0 0 0 0 0 0 0 0 0 0 0 0 0 0 0 0 0 0 0 0 0 0 0 0 0 0 0 0 0 0 0 0 0 0 0 0 0 0 0 0 0 0 0 0 0 0 0 0 0 0 0 0 0 0 0 0 0 0 0 0 0
segment_ids: 0 0 0 0 0 0 0 0 0 0 0 0 0 0 0 0 0 0 0 0 0 0 0 0 0 0 0 0 0 0 0 0 0 0 0 0 0 0 0 0 0 0 0 0 0 0 0 0 0 0 0 0 0 0 0 0 0 0 0 0 0 0 0 0 0 0 0 0 0 0 0 0 0 0 0 0 0 0 0 0 0 0 0 0 0 0 0 0 0 0 0 0 0 0 0 0 0 0 0 0 0 0 0 0 0 0 0 0 0 0 0 0 0 0 0 0 0 0 0 0 0 0 0 0 0 0 0 0
label_ids: 17 17 17 17 17 17 17 17 17 17 17 5 13 13 13 13 13 13 13 13 13 13 13 13 13 8 16 17 8 16 16 16 16 17 8 16 16 16 17 17 0 0 0 0 0 0 0 0 0 0 0 0 0 0 0 0 0 0 0 0 0 0 0 0 0 0 0 0 0 0 0 0 0 0 0 0 0 0 0 0 0 0 0 0 0 0 0 0 0 0 0 0 0 0 0 0 0 0 0 0 0 0 0 0 0 0 0 0 0 0 0 0 0 0 0 0 0 0 0 0 0 0 0 0 0 0 0 0
*** Example ***
guid: train-5
tokens: [CLS] 张 雁 冰 ， 男 ， [SEP]
input_ids: 101 2476 7412 1102 8024 4511 8024 102 0 0 0 0 0 0 0 0 0 0 0 0 0 0 0 0 0 0 0 0 0 0 0 0 0 0 0 0 0 0 0 0 0 0 0 0 0 0 0 0 0 0 0 0 0 0 0 0 0 0 0 0 0 0 0 0 0 0 0 0 0 0 0 0 0 0 0 0 0 0 0 0 0 0 0 0 0 0 0 0 0 0 0 0 0 0 0 0 0 0 0 0 0 0 0 0 0 0 0 0 0 0 0 0 0 0 0 0 0 0 0 0 0 0 0 0 0 0 0 0
input_mask: 1 1 1 1 1 1 1 1 0 0 0 0 0 0 0 0 0 0 0 0 0 0 0 0 0 0 0 0 0 0 0 0 0 0 0 0 0 0 0 0 0 0 0 0 0 0 0 0 0 0 0 0 0 0 0 0 0 0 0 0 0 0 0 0 0 0 0 0 0 0 0 0 0 0 0 0 0 0 0 0 0 0 0 0 0 0 0 0 0 0 0 0 0 0 0 0 0 0 0 0 0 0 0 0 0 0 0 0 0 0 0 0 0 0 0 0 0 0 0 0 0 0 0 0 0 0 0 0
segment_ids: 0 0 0 0 0 0 0 0 0 0 0 0 0 0 0 0 0 0 0 0 0 0 0 0 0 0 0 0 0 0 0 0 0 0 0 0 0 0 0 0 0 0 0 0 0 0 0 0 0 0 0 0 0 0 0 0 0 0 0 0 0 0 0 0 0 0 0 0 0 0 0 0 0 0 0 0 0 0 0 0 0 0 0 0 0 0 0 0 0 0 0 0 0 0 0 0 0 0 0 0 0 0 0 0 0 0 0 0 0 0 0 0 0 0 0 0 0 0 0 0 0 0 0 0 0 0 0 0
label_ids: 17 4 12 12 17 17 17 17 0 0 0 0 0 0 0 0 0 0 0 0 0 0 0 0 0 0 0 0 0 0 0 0 0 0 0 0 0 0 0 0 0 0 0 0 0 0 0 0 0 0 0 0 0 0 0 0 0 0 0 0 0 0 0 0 0 0 0 0 0 0 0 0 0 0 0 0 0 0 0 0 0 0 0 0 0 0 0 0 0 0 0 0 0 0 0 0 0 0 0 0 0 0 0 0 0 0 0 0 0 0 0 0 0 0 0 0 0 0 0 0 0 0 0 0 0 0 0 0
Saving features into cached file /home/sangeng/Downloads/myproject/baseline/BERT-NER-Pytorch-master/datasets/cner/cached_soft-train_bert-base-chinese_128_cner
***** Running training *****
  Num examples = 3820
  Num Epochs = 3
  Instantaneous batch size per GPU = 24
  Total train batch size (w. parallel, distributed & accumulation) = 24
  Gradient Accumulation steps = 1
  Total optimization steps = 480
